2013-06-02 13:49:32,533 DEBUG virtualenvwrapper.user_scripts pre_activate
2013-06-02 13:49:32,533 DEBUG virtualenvwrapper.user_scripts running ['/home/alexenko/lib/virtualenvs/preactivate', 'coursly.com_django']
2013-06-02 13:49:32,552 DEBUG virtualenvwrapper.user_scripts running ['/home/alexenko/Code/coursly.com_django/bin/preactivate', 'coursly.com_django']
2013-06-02 13:49:32,572 DEBUG virtualenvwrapper.hook_loader Saving sourcable pre_activate hooks to /tmp/virtualenvwrapper-pre_activate-hook-MRLfllmbM1
2013-06-02 13:49:32,684 DEBUG virtualenvwrapper.hook_loader Running post_activate hooks
2013-06-02 13:49:32,687 DEBUG virtualenvwrapper.hook_loader Saving sourcable post_activate hooks to /tmp/virtualenvwrapper-post_activate-hook-aA9iYTwwyn
2013-06-02 13:49:32,687 DEBUG stevedore.extension found extension EntryPoint.parse('user_scripts = virtualenvwrapper.user_scripts:post_activate_source')
2013-06-02 13:49:32,689 DEBUG stevedore.extension found extension EntryPoint.parse('project = virtualenvwrapper.project:post_activate_source')
2013-06-02 13:49:32,690 DEBUG virtualenvwrapper.user_scripts post_activate
2013-06-03 12:28:47,794 DEBUG virtualenvwrapper.hook_loader Running initialize hooks
2013-06-03 12:28:47,897 DEBUG stevedore.extension found extension EntryPoint.parse('user_scripts = virtualenvwrapper.user_scripts:initialize')
2013-06-03 12:28:48,045 DEBUG stevedore.extension found extension EntryPoint.parse('project = virtualenvwrapper.project:initialize')
2013-06-03 12:28:48,064 DEBUG virtualenvwrapper.hook_loader Saving sourcable initialize hooks to /tmp/virtualenvwrapper-initialize-hook-tBJE8uuI41
2013-06-03 12:28:48,064 DEBUG stevedore.extension found extension EntryPoint.parse('user_scripts = virtualenvwrapper.user_scripts:initialize_source')
2013-06-03 12:29:54,363 DEBUG virtualenvwrapper.hook_loader Running initialize hooks
2013-06-03 12:29:54,368 DEBUG stevedore.extension found extension EntryPoint.parse('user_scripts = virtualenvwrapper.user_scripts:initialize')
2013-06-03 12:29:54,375 DEBUG stevedore.extension found extension EntryPoint.parse('project = virtualenvwrapper.project:initialize')
2013-06-03 12:29:54,375 DEBUG virtualenvwrapper.hook_loader Saving sourcable initialize hooks to /tmp/virtualenvwrapper-initialize-hook-kw2KmsKR93
2013-06-03 12:29:54,375 DEBUG stevedore.extension found extension EntryPoint.parse('user_scripts = virtualenvwrapper.user_scripts:initialize_source')
2013-06-03 12:52:00,025 DEBUG virtualenvwrapper.hook_loader Running initialize hooks
2013-06-03 12:52:00,028 DEBUG stevedore.extension found extension EntryPoint.parse('user_scripts = virtualenvwrapper.user_scripts:initialize')
2013-06-03 12:52:00,031 DEBUG stevedore.extension found extension EntryPoint.parse('project = virtualenvwrapper.project:initialize')
2013-06-03 12:52:00,032 DEBUG virtualenvwrapper.hook_loader Saving sourcable initialize hooks to /tmp/virtualenvwrapper-initialize-hook-oehGD0xFvz
2013-06-03 12:52:00,032 DEBUG stevedore.extension found extension EntryPoint.parse('user_scripts = virtualenvwrapper.user_scripts:initialize_source')
